<?xml version="1.0" encoding="UTF-8"?>
<beans xmlns="http://www.springframework.org/schema/beans"
       xmlns:xsi="http://www.w3.org/2001/XMLSchema-instance"
       xmlns:context="http://www.springframework.org/schema/context"
       xsi:schemaLocation="
       http://www.springframework.org/schema/beans http://www.springframework.org/schema/beans/spring-beans.xsd
       http://www.springframework.org/schema/context http://www.springframework.org/schema/context/spring-context-3.0.xsd">

  <!--            -->
  <!-- PROPERTIES -->
  <!--            -->
  <import resource="classpath:META-INF/spring/encryption.xml"/>

  <bean id="propertyPlaceholderConfigurer" class="org.jasypt.spring31.properties.EncryptablePropertyPlaceholderConfigurer">
    <constructor-arg ref="configurationEncryptor" />
    <property name="location" value="classpath:test.conf"/>
  </bean>

  <bean id="h2DataSource" class="org.springframework.jdbc.datasource.DriverManagerDataSource">
    <property name="driverClassName" value="${H2_JDBC_DRIVER_CLASS}"/>
    <property name="url" value="${H2_JDBC_URL}"/>
    <property name="username" value="${H2_JDBC_USER}"/>
    <property name="password" value="${H2_JDBC_PASSWORD}"/>
  </bean>

  <bean id="userAccountDao" class="com.upgradingdave.models.UserAccountDao">
    <constructor-arg name="dataSource" ref="h2DataSource"/>
  </bean>

</beans>